<?xml version="1.0" encoding="UTF-8"?>
<!-- Generated by org.testng.reporters.JUnitReportReporter -->
<testsuite hostname="DESKTOP-VE7GM86" name="TestNGPackage.TestNGClass" tests="1" failures="0" timestamp="6 Feb 2019 17:51:37 GMT" time="0.031" errors="0">
  <testcase name="f" time="0.031" classname="TestNGPackage.TestNGClass"/>
</testsuite> <!-- TestNGPackage.TestNGClass -->
